<?xml version="1.0" encoding="UTF-8"?>
<testsuite name="HelloWorldTest" tests="1" skipped="0" failures="0" errors="0" timestamp="2016-12-07T12:59:00" hostname="zrhn1912.ads.zuehlke.com" time="0.001">
  <properties/>
  <testcase name="myVeryFirstTest" classname="HelloWorldTest" time="0.001"/>
  <system-out><![CDATA[]]></system-out>
  <system-err><![CDATA[]]></system-err>
</testsuite>
